18:12:22.385 [ INFO] 4308 --- [localhost-startStop-1] com.spring.boot.Application              : Starting Application on TGMASTER with PID 4308 (C:\Users\S410U\Documents\Netbeans\Projects\intership-demo\spring-boot-demo-backend\target\spring-boot-demo-backend-1.0\WEB-INF\classes started by S410U in C:\Program Files\Apache Software Foundation\Apache Tomcat 8.0.27\bin)
18:12:22.403 [ INFO] 4308 --- [localhost-startStop-1] com.spring.boot.Application              : No active profile set, falling back to default profiles: default
18:12:22.598 [ INFO] 4308 --- [localhost-startStop-1] ConfigServletWebServerApplicationContext : Refreshing org.springframework.boot.web.servlet.context.AnnotationConfigServletWebServerApplicationContext@79d5649c: startup date [Fri Jul 06 18:12:22 ICT 2018]; root of context hierarchy
18:12:24.609 [ INFO] 4308 --- [localhost-startStop-1] o.s.b.f.s.DefaultListableBeanFactory     : Overriding bean definition for bean 'dataSource' with a different definition: replacing [Root bean: class [null]; scope=; abstract=false; lazyInit=false; autowireMode=3; dependencyCheck=0; autowireCandidate=true; primary=false; factoryBeanName=org.springframework.boot.autoconfigure.jdbc.DataSourceConfiguration$Tomcat; factoryMethodName=dataSource; initMethodName=null; destroyMethodName=(inferred); defined in class path resource [org/springframework/boot/autoconfigure/jdbc/DataSourceConfiguration$Tomcat.class]] with [Root bean: class [null]; scope=; abstract=false; lazyInit=false; autowireMode=3; dependencyCheck=0; autowireCandidate=true; primary=false; factoryBeanName=org.springframework.boot.autoconfigure.jdbc.DataSourceConfiguration$Hikari; factoryMethodName=dataSource; initMethodName=null; destroyMethodName=(inferred); defined in class path resource [org/springframework/boot/autoconfigure/jdbc/DataSourceConfiguration$Hikari.class]]
18:12:25.585 [ INFO] 4308 --- [localhost-startStop-1] f.a.AutowiredAnnotationBeanPostProcessor : JSR-330 'javax.inject.Inject' annotation found and supported for autowiring
18:12:25.952 [ INFO] 4308 --- [localhost-startStop-1] trationDelegate$BeanPostProcessorChecker : Bean 'org.springframework.transaction.annotation.ProxyTransactionManagementConfiguration' of type [org.springframework.transaction.annotation.ProxyTransactionManagementConfiguration$$EnhancerBySpringCGLIB$$e628f815] is not eligible for getting processed by all BeanPostProcessors (for example: not eligible for auto-proxying)
18:12:26.129 [ INFO] 4308 --- [localhost-startStop-1] o.s.web.context.ContextLoader            : Root WebApplicationContext: initialization completed in 3532 ms
18:12:26.849 [ INFO] 4308 --- [localhost-startStop-1] o.s.b.w.servlet.ServletRegistrationBean  : Servlet dispatcherServlet mapped to [/]
18:12:26.853 [ INFO] 4308 --- [localhost-startStop-1] o.s.b.w.servlet.FilterRegistrationBean   : Mapping filter: 'characterEncodingFilter' to: [/*]
18:12:26.853 [ INFO] 4308 --- [localhost-startStop-1] o.s.b.w.servlet.FilterRegistrationBean   : Mapping filter: 'errorPageFilter' to: [/*]
18:12:26.854 [ INFO] 4308 --- [localhost-startStop-1] o.s.b.w.servlet.FilterRegistrationBean   : Mapping filter: 'hiddenHttpMethodFilter' to: [/*]
18:12:26.854 [ INFO] 4308 --- [localhost-startStop-1] o.s.b.w.servlet.FilterRegistrationBean   : Mapping filter: 'httpPutFormContentFilter' to: [/*]
18:12:26.854 [ INFO] 4308 --- [localhost-startStop-1] o.s.b.w.servlet.FilterRegistrationBean   : Mapping filter: 'requestContextFilter' to: [/*]
18:12:26.854 [ INFO] 4308 --- [localhost-startStop-1] o.s.b.w.servlet.FilterRegistrationBean   : Mapping filter: 'corsFilter' to: [/*]
18:12:27.344 [ INFO] 4308 --- [localhost-startStop-1] com.zaxxer.hikari.HikariDataSource       : HikariPool-1 - Starting...
18:12:27.888 [ INFO] 4308 --- [localhost-startStop-1] com.zaxxer.hikari.HikariDataSource       : HikariPool-1 - Start completed.
18:12:28.107 [ INFO] 4308 --- [localhost-startStop-1] j.LocalContainerEntityManagerFactoryBean : Building JPA container EntityManagerFactory for persistence unit 'default'
18:12:28.215 [ INFO] 4308 --- [localhost-startStop-1] o.hibernate.jpa.internal.util.LogHelper  : HHH000204: Processing PersistenceUnitInfo [
	name: default
	...]
18:12:28.550 [ INFO] 4308 --- [localhost-startStop-1] org.hibernate.Version                    : HHH000412: Hibernate Core {5.2.17.Final}
18:12:28.555 [ INFO] 4308 --- [localhost-startStop-1] org.hibernate.cfg.Environment            : HHH000206: hibernate.properties not found
18:12:28.846 [ INFO] 4308 --- [localhost-startStop-1] o.hibernate.annotations.common.Version   : HCANN000001: Hibernate Commons Annotations {5.0.1.Final}
18:12:29.436 [ INFO] 4308 --- [localhost-startStop-1] org.hibernate.dialect.Dialect            : HHH000400: Using dialect: org.hibernate.dialect.MySQL5Dialect
18:12:31.631 [ INFO] 4308 --- [localhost-startStop-1] j.LocalContainerEntityManagerFactoryBean : Initialized JPA EntityManagerFactory for persistence unit 'default'
18:12:32.922 [ INFO] 4308 --- [localhost-startStop-1] o.s.w.s.handler.SimpleUrlHandlerMapping  : Mapped URL path [/**/favicon.ico] onto handler of type [class org.springframework.web.servlet.resource.ResourceHttpRequestHandler]
18:12:33.868 [ INFO] 4308 --- [localhost-startStop-1] s.w.s.m.m.a.RequestMappingHandlerAdapter : Looking for @ControllerAdvice: org.springframework.boot.web.servlet.context.AnnotationConfigServletWebServerApplicationContext@79d5649c: startup date [Fri Jul 06 18:12:22 ICT 2018]; root of context hierarchy
18:12:34.186 [ WARN] 4308 --- [localhost-startStop-1] aWebConfiguration$JpaWebMvcConfiguration : spring.jpa.open-in-view is enabled by default. Therefore, database queries may be performed during view rendering. Explicitly configure spring.jpa.open-in-view to disable this warning
18:12:34.335 [ INFO] 4308 --- [localhost-startStop-1] s.w.s.m.m.a.RequestMappingHandlerMapping : Mapped "{[/product],methods=[PUT]}" onto public com.spring.boot.model.entity.Product com.spring.boot.controller.ProductController.updateProduct(javax.servlet.http.HttpServletRequest,javax.servlet.http.HttpServletResponse,com.spring.boot.model.entity.Product)
18:12:34.337 [ INFO] 4308 --- [localhost-startStop-1] s.w.s.m.m.a.RequestMappingHandlerMapping : Mapped "{[/product],methods=[GET]}" onto public java.util.List<com.spring.boot.model.entity.Product> com.spring.boot.controller.ProductController.getAllProduct(javax.servlet.http.HttpServletRequest,javax.servlet.http.HttpServletResponse)
18:12:34.338 [ INFO] 4308 --- [localhost-startStop-1] s.w.s.m.m.a.RequestMappingHandlerMapping : Mapped "{[/product/{id}],methods=[DELETE]}" onto public java.lang.String com.spring.boot.controller.ProductController.demoDeleteUser(java.lang.Long)
18:12:34.339 [ INFO] 4308 --- [localhost-startStop-1] s.w.s.m.m.a.RequestMappingHandlerMapping : Mapped "{[/product],methods=[POST]}" onto public com.spring.boot.model.entity.Product com.spring.boot.controller.ProductController.addProduct(com.spring.boot.model.entity.Product)
18:12:34.339 [ INFO] 4308 --- [localhost-startStop-1] s.w.s.m.m.a.RequestMappingHandlerMapping : Mapped "{[/product/{id}],methods=[GET]}" onto public com.spring.boot.model.entity.Product com.spring.boot.controller.ProductController.getProduct(javax.servlet.http.HttpServletRequest,javax.servlet.http.HttpServletResponse,java.lang.Long)
18:12:34.346 [ INFO] 4308 --- [localhost-startStop-1] s.w.s.m.m.a.RequestMappingHandlerMapping : Mapped "{[/user/{id}],methods=[GET]}" onto public com.spring.boot.model.entity.User com.spring.boot.controller.UserController.demoGetUser(javax.servlet.http.HttpServletRequest,javax.servlet.http.HttpServletResponse,java.lang.Long)
18:12:34.347 [ INFO] 4308 --- [localhost-startStop-1] s.w.s.m.m.a.RequestMappingHandlerMapping : Mapped "{[/{id}],methods=[PUT]}" onto public com.spring.boot.model.entity.User com.spring.boot.controller.UserController.demoUpdateUser(javax.servlet.http.HttpServletRequest,javax.servlet.http.HttpServletResponse,java.lang.Long)
18:12:34.348 [ INFO] 4308 --- [localhost-startStop-1] s.w.s.m.m.a.RequestMappingHandlerMapping : Mapped "{[/user],methods=[GET]}" onto public java.util.List<com.spring.boot.model.entity.User> com.spring.boot.controller.UserController.demoGetAllUser(javax.servlet.http.HttpServletRequest,javax.servlet.http.HttpServletResponse)
18:12:34.348 [ INFO] 4308 --- [localhost-startStop-1] s.w.s.m.m.a.RequestMappingHandlerMapping : Mapped "{[/{id}],methods=[DELETE]}" onto public java.lang.String com.spring.boot.controller.UserController.demoDeleteUser(java.lang.Long)
18:12:34.351 [ INFO] 4308 --- [localhost-startStop-1] s.w.s.m.m.a.RequestMappingHandlerMapping : Mapped "{[/user],methods=[POST],produces=[application/json]}" onto public com.spring.boot.model.entity.User com.spring.boot.controller.UserController.demoCreateUser(com.spring.boot.model.entity.User)
18:12:34.359 [ INFO] 4308 --- [localhost-startStop-1] s.w.s.m.m.a.RequestMappingHandlerMapping : Mapped "{[/error]}" onto public org.springframework.http.ResponseEntity<java.util.Map<java.lang.String, java.lang.Object>> org.springframework.boot.autoconfigure.web.servlet.error.BasicErrorController.error(javax.servlet.http.HttpServletRequest)
18:12:34.359 [ INFO] 4308 --- [localhost-startStop-1] s.w.s.m.m.a.RequestMappingHandlerMapping : Mapped "{[/error],produces=[text/html]}" onto public org.springframework.web.servlet.ModelAndView org.springframework.boot.autoconfigure.web.servlet.error.BasicErrorController.errorHtml(javax.servlet.http.HttpServletRequest,javax.servlet.http.HttpServletResponse)
18:12:34.456 [ INFO] 4308 --- [localhost-startStop-1] o.s.w.s.handler.SimpleUrlHandlerMapping  : Mapped URL path [/webjars/**] onto handler of type [class org.springframework.web.servlet.resource.ResourceHttpRequestHandler]
18:12:34.456 [ INFO] 4308 --- [localhost-startStop-1] o.s.w.s.handler.SimpleUrlHandlerMapping  : Mapped URL path [/**] onto handler of type [class org.springframework.web.servlet.resource.ResourceHttpRequestHandler]
18:12:34.608 [ INFO] 4308 --- [localhost-startStop-1] o.s.b.a.w.s.WelcomePageHandlerMapping    : Adding welcome page: ServletContext resource [/index.html]
18:12:35.213 [ INFO] 4308 --- [localhost-startStop-1] o.s.j.e.a.AnnotationMBeanExporter        : Registering beans for JMX exposure on startup
18:12:35.213 [ INFO] 4308 --- [localhost-startStop-1] o.s.j.e.a.AnnotationMBeanExporter        : Bean with name 'dataSource' has been autodetected for JMX exposure
18:12:35.229 [ INFO] 4308 --- [localhost-startStop-1] o.s.j.e.a.AnnotationMBeanExporter        : Located MBean 'dataSource': registering with JMX server as MBean [com.zaxxer.hikari:name=dataSource,type=HikariDataSource]
18:12:35.252 [ INFO] 4308 --- [localhost-startStop-1] com.spring.boot.Application              : Started Application in 14.158 seconds (JVM running for 21.144)
18:12:35.650 [ INFO] 4308 --- [http-nio-8080-exec-2] o.s.web.servlet.DispatcherServlet        : FrameworkServlet 'dispatcherServlet': initialization started
18:12:35.732 [ INFO] 4308 --- [http-nio-8080-exec-2] o.s.web.servlet.DispatcherServlet        : FrameworkServlet 'dispatcherServlet': initialization completed in 81 ms
18:12:35.809 [ WARN] 4308 --- [http-nio-8080-exec-2] o.s.web.servlet.PageNotFound             : Request method 'HEAD' not supported
18:12:35.809 [ WARN] 4308 --- [http-nio-8080-exec-3] o.s.web.servlet.PageNotFound             : Request method 'HEAD' not supported
18:12:35.809 [ WARN] 4308 --- [http-nio-8080-exec-7] o.s.web.servlet.PageNotFound             : Request method 'HEAD' not supported
18:12:35.809 [ WARN] 4308 --- [http-nio-8080-exec-1] o.s.web.servlet.PageNotFound             : Request method 'HEAD' not supported
18:12:35.809 [ WARN] 4308 --- [http-nio-8080-exec-6] o.s.web.servlet.PageNotFound             : Request method 'HEAD' not supported
18:12:35.809 [ WARN] 4308 --- [http-nio-8080-exec-4] o.s.web.servlet.PageNotFound             : Request method 'HEAD' not supported
18:12:35.809 [ WARN] 4308 --- [http-nio-8080-exec-5] o.s.web.servlet.PageNotFound             : Request method 'HEAD' not supported
18:12:36.173 [ WARN] 4308 --- [http-nio-8080-exec-8] o.s.web.servlet.PageNotFound             : Request method 'HEAD' not supported
18:12:36.378 [ WARN] 4308 --- [http-nio-8080-exec-9] o.s.web.servlet.PageNotFound             : Request method 'HEAD' not supported
18:12:36.414 [ WARN] 4308 --- [http-nio-8080-exec-10] o.s.web.servlet.PageNotFound             : Request method 'HEAD' not supported
18:12:36.667 [ INFO] 4308 --- [http-nio-8080-exec-7] ConfigServletWebServerApplicationContext : Closing org.springframework.boot.web.servlet.context.AnnotationConfigServletWebServerApplicationContext@79d5649c: startup date [Fri Jul 06 18:12:22 ICT 2018]; root of context hierarchy
18:12:36.669 [ INFO] 4308 --- [http-nio-8080-exec-7] o.s.j.e.a.AnnotationMBeanExporter        : Unregistering JMX-exposed beans on shutdown
18:12:36.669 [ INFO] 4308 --- [http-nio-8080-exec-7] o.s.j.e.a.AnnotationMBeanExporter        : Unregistering JMX-exposed beans
18:12:36.671 [ INFO] 4308 --- [http-nio-8080-exec-7] j.LocalContainerEntityManagerFactoryBean : Closing JPA EntityManagerFactory for persistence unit 'default'
18:12:36.673 [ INFO] 4308 --- [http-nio-8080-exec-7] com.zaxxer.hikari.HikariDataSource       : HikariPool-1 - Shutdown initiated...
18:12:36.680 [ INFO] 4308 --- [http-nio-8080-exec-7] com.zaxxer.hikari.HikariDataSource       : HikariPool-1 - Shutdown completed.
18:12:43.609 [ INFO] 4308 --- [http-nio-8080-exec-3] com.spring.boot.Application              : Starting Application on TGMASTER with PID 4308 (C:\Users\S410U\Documents\Netbeans\Projects\intership-demo\spring-boot-demo-backend\target\spring-boot-demo-backend-1.0\WEB-INF\classes started by S410U in C:\Program Files\Apache Software Foundation\Apache Tomcat 8.0.27\bin)
18:12:43.624 [ INFO] 4308 --- [http-nio-8080-exec-3] com.spring.boot.Application              : No active profile set, falling back to default profiles: default
18:12:43.842 [ INFO] 4308 --- [http-nio-8080-exec-3] ConfigServletWebServerApplicationContext : Refreshing org.springframework.boot.web.servlet.context.AnnotationConfigServletWebServerApplicationContext@5fe350c5: startup date [Fri Jul 06 18:12:43 ICT 2018]; root of context hierarchy
18:12:45.526 [ INFO] 4308 --- [http-nio-8080-exec-3] o.s.b.f.s.DefaultListableBeanFactory     : Overriding bean definition for bean 'dataSource' with a different definition: replacing [Root bean: class [null]; scope=; abstract=false; lazyInit=false; autowireMode=3; dependencyCheck=0; autowireCandidate=true; primary=false; factoryBeanName=org.springframework.boot.autoconfigure.jdbc.DataSourceConfiguration$Tomcat; factoryMethodName=dataSource; initMethodName=null; destroyMethodName=(inferred); defined in class path resource [org/springframework/boot/autoconfigure/jdbc/DataSourceConfiguration$Tomcat.class]] with [Root bean: class [null]; scope=; abstract=false; lazyInit=false; autowireMode=3; dependencyCheck=0; autowireCandidate=true; primary=false; factoryBeanName=org.springframework.boot.autoconfigure.jdbc.DataSourceConfiguration$Hikari; factoryMethodName=dataSource; initMethodName=null; destroyMethodName=(inferred); defined in class path resource [org/springframework/boot/autoconfigure/jdbc/DataSourceConfiguration$Hikari.class]]
18:12:46.351 [ INFO] 4308 --- [http-nio-8080-exec-3] f.a.AutowiredAnnotationBeanPostProcessor : JSR-330 'javax.inject.Inject' annotation found and supported for autowiring
18:12:46.687 [ INFO] 4308 --- [http-nio-8080-exec-3] trationDelegate$BeanPostProcessorChecker : Bean 'org.springframework.transaction.annotation.ProxyTransactionManagementConfiguration' of type [org.springframework.transaction.annotation.ProxyTransactionManagementConfiguration$$EnhancerBySpringCGLIB$$b1f6b0f0] is not eligible for getting processed by all BeanPostProcessors (for example: not eligible for auto-proxying)
18:12:46.901 [ INFO] 4308 --- [http-nio-8080-exec-3] o.s.web.context.ContextLoader            : Root WebApplicationContext: initialization completed in 3037 ms
18:12:47.435 [ INFO] 4308 --- [http-nio-8080-exec-3] o.s.b.w.servlet.ServletRegistrationBean  : Servlet dispatcherServlet mapped to [/]
18:12:47.436 [ INFO] 4308 --- [http-nio-8080-exec-3] o.s.b.w.servlet.FilterRegistrationBean   : Mapping filter: 'characterEncodingFilter' to: [/*]
18:12:47.436 [ INFO] 4308 --- [http-nio-8080-exec-3] o.s.b.w.servlet.FilterRegistrationBean   : Mapping filter: 'errorPageFilter' to: [/*]
18:12:47.436 [ INFO] 4308 --- [http-nio-8080-exec-3] o.s.b.w.servlet.FilterRegistrationBean   : Mapping filter: 'hiddenHttpMethodFilter' to: [/*]
18:12:47.436 [ INFO] 4308 --- [http-nio-8080-exec-3] o.s.b.w.servlet.FilterRegistrationBean   : Mapping filter: 'httpPutFormContentFilter' to: [/*]
18:12:47.437 [ INFO] 4308 --- [http-nio-8080-exec-3] o.s.b.w.servlet.FilterRegistrationBean   : Mapping filter: 'requestContextFilter' to: [/*]
18:12:47.437 [ INFO] 4308 --- [http-nio-8080-exec-3] o.s.b.w.servlet.FilterRegistrationBean   : Mapping filter: 'corsFilter' to: [/*]
18:12:47.753 [ INFO] 4308 --- [http-nio-8080-exec-3] com.zaxxer.hikari.HikariDataSource       : HikariPool-2 - Starting...
18:12:48.300 [ INFO] 4308 --- [http-nio-8080-exec-3] com.zaxxer.hikari.HikariDataSource       : HikariPool-2 - Start completed.
18:12:48.377 [ INFO] 4308 --- [http-nio-8080-exec-3] j.LocalContainerEntityManagerFactoryBean : Building JPA container EntityManagerFactory for persistence unit 'default'
18:12:48.428 [ INFO] 4308 --- [http-nio-8080-exec-3] o.hibernate.jpa.internal.util.LogHelper  : HHH000204: Processing PersistenceUnitInfo [
	name: default
	...]
18:12:48.775 [ INFO] 4308 --- [http-nio-8080-exec-3] org.hibernate.Version                    : HHH000412: Hibernate Core {5.2.17.Final}
18:12:48.777 [ INFO] 4308 --- [http-nio-8080-exec-3] org.hibernate.cfg.Environment            : HHH000206: hibernate.properties not found
18:12:48.910 [ INFO] 4308 --- [http-nio-8080-exec-3] o.hibernate.annotations.common.Version   : HCANN000001: Hibernate Commons Annotations {5.0.1.Final}
18:12:49.283 [ INFO] 4308 --- [http-nio-8080-exec-3] org.hibernate.dialect.Dialect            : HHH000400: Using dialect: org.hibernate.dialect.MySQL5Dialect
18:12:50.869 [ INFO] 4308 --- [http-nio-8080-exec-3] j.LocalContainerEntityManagerFactoryBean : Initialized JPA EntityManagerFactory for persistence unit 'default'
18:12:51.728 [ INFO] 4308 --- [http-nio-8080-exec-3] o.s.w.s.handler.SimpleUrlHandlerMapping  : Mapped URL path [/**/favicon.ico] onto handler of type [class org.springframework.web.servlet.resource.ResourceHttpRequestHandler]
18:12:52.216 [ INFO] 4308 --- [http-nio-8080-exec-3] s.w.s.m.m.a.RequestMappingHandlerAdapter : Looking for @ControllerAdvice: org.springframework.boot.web.servlet.context.AnnotationConfigServletWebServerApplicationContext@5fe350c5: startup date [Fri Jul 06 18:12:43 ICT 2018]; root of context hierarchy
18:12:52.336 [ WARN] 4308 --- [http-nio-8080-exec-3] aWebConfiguration$JpaWebMvcConfiguration : spring.jpa.open-in-view is enabled by default. Therefore, database queries may be performed during view rendering. Explicitly configure spring.jpa.open-in-view to disable this warning
18:12:52.430 [ INFO] 4308 --- [http-nio-8080-exec-3] s.w.s.m.m.a.RequestMappingHandlerMapping : Mapped "{[/product],methods=[PUT]}" onto public com.spring.boot.model.entity.Product com.spring.boot.controller.ProductController.updateProduct(javax.servlet.http.HttpServletRequest,javax.servlet.http.HttpServletResponse,com.spring.boot.model.entity.Product)
18:12:52.433 [ INFO] 4308 --- [http-nio-8080-exec-3] s.w.s.m.m.a.RequestMappingHandlerMapping : Mapped "{[/product],methods=[GET]}" onto public java.util.List<com.spring.boot.model.entity.Product> com.spring.boot.controller.ProductController.getAllProduct(javax.servlet.http.HttpServletRequest,javax.servlet.http.HttpServletResponse)
18:12:52.433 [ INFO] 4308 --- [http-nio-8080-exec-3] s.w.s.m.m.a.RequestMappingHandlerMapping : Mapped "{[/product/{id}],methods=[DELETE]}" onto public java.lang.String com.spring.boot.controller.ProductController.demoDeleteUser(java.lang.Long)
18:12:52.433 [ INFO] 4308 --- [http-nio-8080-exec-3] s.w.s.m.m.a.RequestMappingHandlerMapping : Mapped "{[/product],methods=[POST]}" onto public com.spring.boot.model.entity.Product com.spring.boot.controller.ProductController.addProduct(com.spring.boot.model.entity.Product)
18:12:52.433 [ INFO] 4308 --- [http-nio-8080-exec-3] s.w.s.m.m.a.RequestMappingHandlerMapping : Mapped "{[/product/{id}],methods=[GET]}" onto public com.spring.boot.model.entity.Product com.spring.boot.controller.ProductController.getProduct(javax.servlet.http.HttpServletRequest,javax.servlet.http.HttpServletResponse,java.lang.Long)
18:12:52.437 [ INFO] 4308 --- [http-nio-8080-exec-3] s.w.s.m.m.a.RequestMappingHandlerMapping : Mapped "{[/user/{id}],methods=[GET]}" onto public com.spring.boot.model.entity.User com.spring.boot.controller.UserController.demoGetUser(javax.servlet.http.HttpServletRequest,javax.servlet.http.HttpServletResponse,java.lang.Long)
18:12:52.437 [ INFO] 4308 --- [http-nio-8080-exec-3] s.w.s.m.m.a.RequestMappingHandlerMapping : Mapped "{[/{id}],methods=[PUT]}" onto public com.spring.boot.model.entity.User com.spring.boot.controller.UserController.demoUpdateUser(javax.servlet.http.HttpServletRequest,javax.servlet.http.HttpServletResponse,java.lang.Long)
18:12:52.437 [ INFO] 4308 --- [http-nio-8080-exec-3] s.w.s.m.m.a.RequestMappingHandlerMapping : Mapped "{[/user],methods=[GET]}" onto public java.util.List<com.spring.boot.model.entity.User> com.spring.boot.controller.UserController.demoGetAllUser(javax.servlet.http.HttpServletRequest,javax.servlet.http.HttpServletResponse)
18:12:52.437 [ INFO] 4308 --- [http-nio-8080-exec-3] s.w.s.m.m.a.RequestMappingHandlerMapping : Mapped "{[/{id}],methods=[DELETE]}" onto public java.lang.String com.spring.boot.controller.UserController.demoDeleteUser(java.lang.Long)
18:12:52.441 [ INFO] 4308 --- [http-nio-8080-exec-3] s.w.s.m.m.a.RequestMappingHandlerMapping : Mapped "{[/user],methods=[POST],produces=[application/json]}" onto public com.spring.boot.model.entity.User com.spring.boot.controller.UserController.demoCreateUser(com.spring.boot.model.entity.User)
18:12:52.447 [ INFO] 4308 --- [http-nio-8080-exec-3] s.w.s.m.m.a.RequestMappingHandlerMapping : Mapped "{[/error]}" onto public org.springframework.http.ResponseEntity<java.util.Map<java.lang.String, java.lang.Object>> org.springframework.boot.autoconfigure.web.servlet.error.BasicErrorController.error(javax.servlet.http.HttpServletRequest)
18:12:52.448 [ INFO] 4308 --- [http-nio-8080-exec-3] s.w.s.m.m.a.RequestMappingHandlerMapping : Mapped "{[/error],produces=[text/html]}" onto public org.springframework.web.servlet.ModelAndView org.springframework.boot.autoconfigure.web.servlet.error.BasicErrorController.errorHtml(javax.servlet.http.HttpServletRequest,javax.servlet.http.HttpServletResponse)
18:12:52.520 [ INFO] 4308 --- [http-nio-8080-exec-3] o.s.w.s.handler.SimpleUrlHandlerMapping  : Mapped URL path [/webjars/**] onto handler of type [class org.springframework.web.servlet.resource.ResourceHttpRequestHandler]
18:12:52.520 [ INFO] 4308 --- [http-nio-8080-exec-3] o.s.w.s.handler.SimpleUrlHandlerMapping  : Mapped URL path [/**] onto handler of type [class org.springframework.web.servlet.resource.ResourceHttpRequestHandler]
18:12:52.669 [ INFO] 4308 --- [http-nio-8080-exec-3] o.s.b.a.w.s.WelcomePageHandlerMapping    : Adding welcome page: ServletContext resource [/index.html]
18:12:53.499 [ INFO] 4308 --- [http-nio-8080-exec-3] o.s.j.e.a.AnnotationMBeanExporter        : Registering beans for JMX exposure on startup
18:12:53.504 [ INFO] 4308 --- [http-nio-8080-exec-3] o.s.j.e.a.AnnotationMBeanExporter        : Bean with name 'dataSource' has been autodetected for JMX exposure
18:12:53.522 [ INFO] 4308 --- [http-nio-8080-exec-3] o.s.j.e.a.AnnotationMBeanExporter        : Located MBean 'dataSource': registering with JMX server as MBean [com.zaxxer.hikari:name=dataSource,type=HikariDataSource]
18:12:53.559 [ INFO] 4308 --- [http-nio-8080-exec-3] com.spring.boot.Application              : Started Application in 11.098 seconds (JVM running for 39.45)
18:13:02.998 [ INFO] 4308 --- [http-nio-8080-exec-10] o.s.web.servlet.DispatcherServlet        : FrameworkServlet 'dispatcherServlet': initialization started
18:13:03.055 [ INFO] 4308 --- [http-nio-8080-exec-10] o.s.web.servlet.DispatcherServlet        : FrameworkServlet 'dispatcherServlet': initialization completed in 53 ms
18:15:47.431 [ WARN] 4308 --- [http-nio-8080-exec-17] o.s.web.servlet.PageNotFound             : Request method 'PUT' not supported
18:16:06.143 [ WARN] 4308 --- [http-nio-8080-exec-15] o.s.web.servlet.PageNotFound             : Request method 'HEAD' not supported
18:16:06.169 [ WARN] 4308 --- [http-nio-8080-exec-18] o.s.web.servlet.PageNotFound             : Request method 'HEAD' not supported
18:16:06.186 [ WARN] 4308 --- [http-nio-8080-exec-19] o.s.web.servlet.PageNotFound             : Request method 'HEAD' not supported
18:16:06.261 [ WARN] 4308 --- [http-nio-8080-exec-16] o.s.web.servlet.PageNotFound             : Request method 'HEAD' not supported
18:16:12.520 [ WARN] 4308 --- [http-nio-8080-exec-15] o.s.web.servlet.PageNotFound             : Request method 'HEAD' not supported
18:16:12.529 [ WARN] 4308 --- [http-nio-8080-exec-13] o.s.web.servlet.PageNotFound             : Request method 'HEAD' not supported
18:16:12.539 [ WARN] 4308 --- [http-nio-8080-exec-18] o.s.web.servlet.PageNotFound             : Request method 'HEAD' not supported
18:16:12.578 [ WARN] 4308 --- [http-nio-8080-exec-21] o.s.web.servlet.PageNotFound             : Request method 'HEAD' not supported
18:16:14.342 [ WARN] 4308 --- [http-nio-8080-exec-17] o.s.web.servlet.PageNotFound             : Request method 'HEAD' not supported
18:16:14.351 [ WARN] 4308 --- [http-nio-8080-exec-15] o.s.web.servlet.PageNotFound             : Request method 'HEAD' not supported
18:16:14.381 [ WARN] 4308 --- [http-nio-8080-exec-13] o.s.web.servlet.PageNotFound             : Request method 'HEAD' not supported
18:16:34.746 [ WARN] 4308 --- [http-nio-8080-exec-21] o.s.web.servlet.PageNotFound             : Request method 'HEAD' not supported
18:16:34.771 [ WARN] 4308 --- [http-nio-8080-exec-14] o.s.web.servlet.PageNotFound             : Request method 'HEAD' not supported
18:16:34.915 [ INFO] 4308 --- [http-nio-8080-exec-18] ConfigServletWebServerApplicationContext : Closing org.springframework.boot.web.servlet.context.AnnotationConfigServletWebServerApplicationContext@5fe350c5: startup date [Fri Jul 06 18:12:43 ICT 2018]; root of context hierarchy
18:16:34.919 [ INFO] 4308 --- [http-nio-8080-exec-18] o.s.j.e.a.AnnotationMBeanExporter        : Unregistering JMX-exposed beans on shutdown
18:16:34.920 [ INFO] 4308 --- [http-nio-8080-exec-18] o.s.j.e.a.AnnotationMBeanExporter        : Unregistering JMX-exposed beans
18:16:34.921 [ INFO] 4308 --- [http-nio-8080-exec-18] j.LocalContainerEntityManagerFactoryBean : Closing JPA EntityManagerFactory for persistence unit 'default'
18:16:34.923 [ INFO] 4308 --- [http-nio-8080-exec-18] com.zaxxer.hikari.HikariDataSource       : HikariPool-2 - Shutdown initiated...
18:16:34.934 [ INFO] 4308 --- [http-nio-8080-exec-18] com.zaxxer.hikari.HikariDataSource       : HikariPool-2 - Shutdown completed.
